生成启动时间为 2017/2/27 15:41:44。
     1>项目“D:\KIT\Erstsemester\Pratikum_GPU Computing\Assignment4\Assignment4.build\glfw\src\glfw.vcxproj”在节点 4 上(Build 个目标)。
     1>CustomBuild:
         Building Custom Rule D:/KIT/Erstsemester/Pratikum_GPU Computing/Assignment4/Assignment4/glfw/src/CMakeLists.txt
         CMake does not need to re-run because D:\KIT\Erstsemester\Pratikum_GPU Computing\Assignment4\Assignment4.build\glfw\src\CMakeFiles\generate.stamp is up-to-date.
       ClCompile:
         F:\Microsoft Visual Studio 12.0\VC\bin\CL.exe /c /I"C:\Program Files\NVIDIA GPU Computing Toolkit\CUDA\v8.0\include" /I"D:\KIT\Erstsemester\Pratikum_GPU Computing\Assignment4\Assignment4\glfw\src" /I"D:\KIT\Erstsemester\Pratikum_GPU Computing\Assignment4\Assignment4.build\glfw\src" /Zi /nologo /W3 /WX- /Od /Ob0 /Oy- /D WIN32 /D _WINDOWS /D _DEBUG /D _CRT_SECURE_NO_WARNINGS /D _GLFW_USE_CONFIG_H /D "CMAKE_INTDIR=\"Debug\"" /D _MBCS /Gm- /RTC1 /MDd /GS /fp:precise /Zc:wchar_t /Zc:forScope /Fo"glfw.dir\Debug\\" /Fd"glfw.dir\Debug\vc120.pdb" /Gd /TC /analyze- /errorReport:prompt "D:\KIT\Erstsemester\Pratikum_GPU Computing\Assignment4\Assignment4\glfw\src\context.c" "D:\KIT\Erstsemester\Pratikum_GPU Computing\Assignment4\Assignment4\glfw\src\init.c" "D:\KIT\Erstsemester\Pratikum_GPU Computing\Assignment4\Assignment4\glfw\src\input.c" "D:\KIT\Erstsemester\Pratikum_GPU Computing\Assignment4\Assignment4\glfw\src\monitor.c" "D:\KIT\Erstsemester\Pratikum_GPU Computing\Assignment4\Assignment4\glfw\src\window.c" "D:\KIT\Erstsemester\Pratikum_GPU Computing\Assignment4\Assignment4\glfw\src\win32_init.c" "D:\KIT\Erstsemester\Pratikum_GPU Computing\Assignment4\Assignment4\glfw\src\win32_monitor.c" "D:\KIT\Erstsemester\Pratikum_GPU Computing\Assignment4\Assignment4\glfw\src\win32_time.c" "D:\KIT\Erstsemester\Pratikum_GPU Computing\Assignment4\Assignment4\glfw\src\win32_tls.c" "D:\KIT\Erstsemester\Pratikum_GPU Computing\Assignment4\Assignment4\glfw\src\win32_window.c" "D:\KIT\Erstsemester\Pratikum_GPU Computing\Assignment4\Assignment4\glfw\src\winmm_joystick.c" "D:\KIT\Erstsemester\Pratikum_GPU Computing\Assignment4\Assignment4\glfw\src\wgl_context.c"
         context.c
         init.c
         input.c
         monitor.c
         window.c
         win32_init.c
         win32_monitor.c
         win32_time.c
         win32_tls.c
         win32_window.c
         winmm_joystick.c
         wgl_context.c
         正在生成代码...
       Lib:
         F:\Microsoft Visual Studio 12.0\VC\bin\Lib.exe /OUT:"D:\KIT\Erstsemester\Pratikum_GPU Computing\Assignment4\Assignment4.build\glfw\src\Debug\glfw3.lib" /NOLOGO  /machine:X86 glfw.dir\Debug\context.obj
         glfw.dir\Debug\init.obj
         glfw.dir\Debug\input.obj
         glfw.dir\Debug\monitor.obj
         glfw.dir\Debug\window.obj
         glfw.dir\Debug\win32_init.obj
         glfw.dir\Debug\win32_monitor.obj
         glfw.dir\Debug\win32_time.obj
         glfw.dir\Debug\win32_tls.obj
         glfw.dir\Debug\win32_window.obj
         glfw.dir\Debug\winmm_joystick.obj
         glfw.dir\Debug\wgl_context.obj
         glfw.vcxproj -> D:\KIT\Erstsemester\Pratikum_GPU Computing\Assignment4\Assignment4.build\glfw\src\Debug\glfw3.lib
     1>已完成生成项目“D:\KIT\Erstsemester\Pratikum_GPU Computing\Assignment4\Assignment4.build\glfw\src\glfw.vcxproj”(Build 个目标)的操作。

生成成功。

已用时间 00:00:02.86
