生成启动时间为 2017/2/27 15:44:28。
     1>项目“D:\KIT\Erstsemester\Pratikum_GPU Computing\Assignment4\Assignment4.build\Assignment.vcxproj”在节点 2 上(Build 个目标)。
     1>ClCompile:
         F:\Microsoft Visual Studio 12.0\VC\bin\CL.exe /c /I"C:\Program Files\NVIDIA GPU Computing Toolkit\CUDA\v8.0\include" /I"D:\KIT\Erstsemester\Pratikum_GPU Computing\Assignment4\Assignment4\glfw\include" /I"D:\KIT\Erstsemester\Pratikum_GPU Computing\Assignment4\Assignment4\glew\include" /Zi /nologo /W3 /WX- /Od /Ob0 /Oy- /D WIN32 /D _WINDOWS /D _DEBUG /D "CMAKE_INTDIR=\"Debug\"" /D _MBCS /Gm- /EHsc /RTC1 /MDd /GS /fp:precise /Zc:wchar_t /Zc:forScope /GR /Fo"Assignment.dir\Debug\\" /Fd"Assignment.dir\Debug\vc120.pdb" /Gd /TP /analyze- /errorReport:prompt "D:\KIT\Erstsemester\Pratikum_GPU Computing\Assignment4\Assignment4\CParticleSystemTask.cpp"
         CParticleSystemTask.cpp
       Link:
         F:\Microsoft Visual Studio 12.0\VC\bin\link.exe /ERRORREPORT:PROMPT /OUT:"D:\KIT\Erstsemester\Pratikum_GPU Computing\Assignment4\Assignment4.build\Debug\Assignment.exe" /INCREMENTAL /NOLOGO kernel32.lib user32.lib gdi32.lib winspool.lib shell32.lib ole32.lib oleaut32.lib uuid.lib comdlg32.lib advapi32.lib "C:\Program Files\NVIDIA GPU Computing Toolkit\CUDA\v8.0\lib\Win32\OpenCL.lib" glfw\src\Debug\glfw3.lib opengl32.lib glew\Debug\glew32.lib GLU32.lib Common\Debug\GPUCommon.lib opengl32.lib gdi32.lib user32.lib kernel32.lib /MANIFEST /MANIFESTUAC:"level='asInvoker' uiAccess='false'" /manifest:embed /DEBUG /PDB:"D:/KIT/Erstsemester/Pratikum_GPU Computing/Assignment4/Assignment4.build/Debug/Assignment.pdb" /SUBSYSTEM:CONSOLE /TLBID:1 /DYNAMICBASE /NXCOMPAT /IMPLIB:"D:/KIT/Erstsemester/Pratikum_GPU Computing/Assignment4/Assignment4.build/Debug/Assignment.lib" /MACHINE:X86 /SAFESEH  /machine:X86 Assignment.dir\Debug\CClothSimulationTask.obj
         Assignment.dir\Debug\CParticleSystemTask.obj
         Assignment.dir\Debug\CAssignment4.obj
         Assignment.dir\Debug\CTriMesh.obj
         Assignment.dir\Debug\CGLTexture.obj
         Assignment.dir\Debug\GLCommon.obj
         Assignment.dir\Debug\main.obj
         Assignment.dir\Debug\HLSL.obj
         Assignment.vcxproj -> D:\KIT\Erstsemester\Pratikum_GPU Computing\Assignment4\Assignment4.build\Debug\Assignment.exe
       PostBuildEvent:
         setlocal
         "C:\Program Files\CMake\bin\cmake.exe" -E copy_if_different  "D:/KIT/Erstsemester/Pratikum_GPU Computing/Assignment4/Assignment4.build/glew/Debug/glew32.dll" "D:/KIT/Erstsemester/Pratikum_GPU Computing/Assignment4/Assignment4.build/Debug"
         if %errorlevel% neq 0 goto :cmEnd
         :cmEnd
         endlocal & call :cmErrorLevel %errorlevel% & goto :cmDone
         :cmErrorLevel
         exit /b %1
         :cmDone
         if %errorlevel% neq 0 goto :VCEnd
         :VCEnd
     1>已完成生成项目“D:\KIT\Erstsemester\Pratikum_GPU Computing\Assignment4\Assignment4.build\Assignment.vcxproj”(Build 个目标)的操作。

生成成功。

已用时间 00:00:01.87
